<?xml version="1.0" encoding="UTF-8"?>
<coverage generated="1352453335">
  <project timestamp="1352453335">
    <file name="/var/www/themes/bootstrap_renderers/renderers/bootsnipp.php">
      <class name="bootsnipp" namespace="global">
        <metrics methods="3" coveredmethods="1" conditionals="0" coveredconditionals="0" statements="36" coveredstatements="4" elements="39" coveredelements="5"/>
      </class>
      <line num="30" type="method" name="sign_up_sign_in" crap="2" count="0"/>
      <line num="32" type="stmt" count="0"/>
      <line num="33" type="stmt" count="0"/>
      <line num="34" type="stmt" count="0"/>
      <line num="35" type="stmt" count="0"/>
      <line num="36" type="stmt" count="0"/>
      <line num="37" type="stmt" count="0"/>
      <line num="38" type="stmt" count="0"/>
      <line num="39" type="stmt" count="0"/>
      <line num="40" type="stmt" count="0"/>
      <line num="41" type="stmt" count="0"/>
      <line num="42" type="stmt" count="0"/>
      <line num="43" type="stmt" count="0"/>
      <line num="44" type="stmt" count="0"/>
      <line num="45" type="stmt" count="0"/>
      <line num="46" type="stmt" count="0"/>
      <line num="48" type="method" name="guest_user" crap="1" count="1"/>
      <line num="49" type="stmt" count="1"/>
      <line num="50" type="stmt" count="1"/>
      <line num="51" type="stmt" count="1"/>
      <line num="53" type="stmt" count="1"/>
      <line num="55" type="method" name="signed_in" crap="30" count="0"/>
      <line num="56" type="stmt" count="0"/>
      <line num="57" type="stmt" count="0"/>
      <line num="58" type="stmt" count="0"/>
      <line num="59" type="stmt" count="0"/>
      <line num="60" type="stmt" count="0"/>
      <line num="61" type="stmt" count="0"/>
      <line num="62" type="stmt" count="0"/>
      <line num="63" type="stmt" count="0"/>
      <line num="64" type="stmt" count="0"/>
      <line num="65" type="stmt" count="0"/>
      <line num="66" type="stmt" count="0"/>
      <line num="67" type="stmt" count="0"/>
      <line num="68" type="stmt" count="0"/>
      <line num="69" type="stmt" count="0"/>
      <line num="70" type="stmt" count="0"/>
      <line num="71" type="stmt" count="0"/>
      <line num="73" type="stmt" count="0"/>
      <metrics loc="75" ncloc="37" classes="1" methods="3" coveredmethods="1" conditionals="0" coveredconditionals="0" statements="36" coveredstatements="4" elements="39" coveredelements="5"/>
    </file>
    <file name="/var/www/themes/bootstrap_renderers/renderers/bootstrap.php">
      <class name="bootstrap" namespace="global">
        <metrics methods="38" coveredmethods="8" conditionals="0" coveredconditionals="0" statements="117" coveredstatements="15" elements="155" coveredelements="23"/>
      </class>
      <line num="30" type="method" name="icon" crap="3" count="4"/>
      <line num="31" type="stmt" count="4"/>
      <line num="32" type="stmt" count="3"/>
      <line num="34" type="stmt" count="1"/>
      <line num="37" type="method" name="icon_help" crap="2" count="0"/>
      <line num="38" type="stmt" count="0"/>
      <line num="40" type="method" name="icon_spacer" crap="2" count="0"/>
      <line num="41" type="stmt" count="0"/>
      <line num="45" type="method" name="label" crap="6" count="0"/>
      <line num="46" type="stmt" count="0"/>
      <line num="47" type="stmt" count="0"/>
      <line num="48" type="stmt" count="0"/>
      <line num="51" type="stmt" count="0"/>
      <line num="53" type="method" name="label_default" crap="2" count="0"/>
      <line num="54" type="stmt" count="0"/>
      <line num="56" type="method" name="label_success" crap="2" count="0"/>
      <line num="57" type="stmt" count="0"/>
      <line num="59" type="method" name="label_warning" crap="2" count="0"/>
      <line num="60" type="stmt" count="0"/>
      <line num="62" type="method" name="label_important" crap="2" count="0"/>
      <line num="63" type="stmt" count="0"/>
      <line num="65" type="method" name="label_info" crap="2" count="0"/>
      <line num="66" type="stmt" count="0"/>
      <line num="68" type="method" name="label_inverse" crap="2" count="0"/>
      <line num="69" type="stmt" count="0"/>
      <line num="73" type="method" name="badge" crap="6" count="0"/>
      <line num="74" type="stmt" count="0"/>
      <line num="75" type="stmt" count="0"/>
      <line num="76" type="stmt" count="0"/>
      <line num="79" type="stmt" count="0"/>
      <line num="81" type="method" name="badge_default" crap="2" count="0"/>
      <line num="82" type="stmt" count="0"/>
      <line num="84" type="method" name="badge_success" crap="2" count="0"/>
      <line num="85" type="stmt" count="0"/>
      <line num="87" type="method" name="badge_warning" crap="2" count="0"/>
      <line num="88" type="stmt" count="0"/>
      <line num="90" type="method" name="badge_important" crap="2" count="0"/>
      <line num="91" type="stmt" count="0"/>
      <line num="93" type="method" name="badge_info" crap="2" count="0"/>
      <line num="94" type="stmt" count="0"/>
      <line num="96" type="method" name="badge_inverse" crap="2" count="0"/>
      <line num="97" type="stmt" count="0"/>
      <line num="100" type="method" name="alert" crap="12" count="0"/>
      <line num="101" type="stmt" count="0"/>
      <line num="102" type="stmt" count="0"/>
      <line num="103" type="stmt" count="0"/>
      <line num="104" type="stmt" count="0"/>
      <line num="105" type="stmt" count="0"/>
      <line num="106" type="stmt" count="0"/>
      <line num="107" type="stmt" count="0"/>
      <line num="108" type="stmt" count="0"/>
      <line num="110" type="method" name="alert_default" crap="2" count="0"/>
      <line num="111" type="stmt" count="0"/>
      <line num="113" type="method" name="alert_success" crap="2" count="0"/>
      <line num="114" type="stmt" count="0"/>
      <line num="116" type="method" name="alert_error" crap="2" count="0"/>
      <line num="117" type="stmt" count="0"/>
      <line num="119" type="method" name="alert_info" crap="2" count="0"/>
      <line num="120" type="stmt" count="0"/>
      <line num="122" type="method" name="alert_block" crap="2" count="0"/>
      <line num="123" type="stmt" count="0"/>
      <line num="125" type="method" name="alert_block_info" crap="2" count="0"/>
      <line num="126" type="stmt" count="0"/>
      <line num="129" type="method" name="initialism" crap="1" count="3"/>
      <line num="130" type="stmt" count="3"/>
      <line num="131" type="stmt" count="3"/>
      <line num="132" type="stmt" count="3"/>
      <line num="135" type="method" name="ul_unstyled" crap="2" count="0"/>
      <line num="136" type="stmt" count="0"/>
      <line num="138" type="method" name="pagination" crap="2" count="0"/>
      <line num="139" type="stmt" count="0"/>
      <line num="141" type="method" name="breadcrumb" crap="2" count="0"/>
      <line num="142" type="stmt" count="0"/>
      <line num="143" type="stmt" count="0"/>
      <line num="145" type="method" name="inline_search" crap="2" count="0"/>
      <line num="146" type="stmt" count="0"/>
      <line num="147" type="stmt" count="0"/>
      <line num="148" type="stmt" count="0"/>
      <line num="150" type="stmt" count="0"/>
      <line num="151" type="stmt" count="0"/>
      <line num="152" type="stmt" count="0"/>
      <line num="153" type="stmt" count="0"/>
      <line num="154" type="stmt" count="0"/>
      <line num="156" type="stmt" count="0"/>
      <line num="158" type="method" name="inline_search_append" crap="2" count="0"/>
      <line num="159" type="stmt" count="0"/>
      <line num="160" type="stmt" count="0"/>
      <line num="161" type="stmt" count="0"/>
      <line num="163" type="stmt" count="0"/>
      <line num="164" type="stmt" count="0"/>
      <line num="165" type="stmt" count="0"/>
      <line num="166" type="stmt" count="0"/>
      <line num="168" type="stmt" count="0"/>
      <line num="169" type="stmt" count="0"/>
      <line num="172" type="method" name="dropdown" crap="1" count="1"/>
      <line num="173" type="stmt" count="1"/>
      <line num="174" type="stmt" count="1"/>
      <line num="175" type="stmt" count="1"/>
      <line num="177" type="method" name="dropdown_menu" crap="1" count="1"/>
      <line num="178" type="stmt" count="1"/>
      <line num="180" type="method" name="menu" crap="1" count="1"/>
      <line num="181" type="stmt" count="1"/>
      <line num="182" type="stmt" count="1"/>
      <line num="184" type="method" name="dropdown_submenu" crap="2" count="0"/>
      <line num="185" type="stmt" count="0"/>
      <line num="187" type="method" name="list_divider" crap="1" count="1"/>
      <line num="188" type="stmt" count="1"/>
      <line num="190" type="method" name="icon_link" crap="1" count="1"/>
      <line num="191" type="stmt" count="1"/>
      <line num="193" type="method" name="li_icon_link" crap="1" count="1"/>
      <line num="194" type="stmt" count="1"/>
      <line num="200" type="method" name="replace_moodle_icon" crap="6" count="0"/>
      <line num="202" type="stmt" count="0"/>
      <line num="203" type="stmt" count="0"/>
      <line num="204" type="stmt" count="0"/>
      <line num="205" type="stmt" count="0"/>
      <line num="206" type="stmt" count="0"/>
      <line num="207" type="stmt" count="0"/>
      <line num="208" type="stmt" count="0"/>
      <line num="209" type="stmt" count="0"/>
      <line num="210" type="stmt" count="0"/>
      <line num="211" type="stmt" count="0"/>
      <line num="212" type="stmt" count="0"/>
      <line num="213" type="stmt" count="0"/>
      <line num="214" type="stmt" count="0"/>
      <line num="215" type="stmt" count="0"/>
      <line num="216" type="stmt" count="0"/>
      <line num="217" type="stmt" count="0"/>
      <line num="218" type="stmt" count="0"/>
      <line num="219" type="stmt" count="0"/>
      <line num="220" type="stmt" count="0"/>
      <line num="221" type="stmt" count="0"/>
      <line num="222" type="stmt" count="0"/>
      <line num="223" type="stmt" count="0"/>
      <line num="224" type="stmt" count="0"/>
      <line num="225" type="stmt" count="0"/>
      <line num="226" type="stmt" count="0"/>
      <line num="227" type="stmt" count="0"/>
      <line num="228" type="stmt" count="0"/>
      <line num="229" type="stmt" count="0"/>
      <line num="230" type="stmt" count="0"/>
      <line num="231" type="stmt" count="0"/>
      <line num="232" type="stmt" count="0"/>
      <line num="233" type="stmt" count="0"/>
      <line num="234" type="stmt" count="0"/>
      <line num="235" type="stmt" count="0"/>
      <line num="236" type="stmt" count="0"/>
      <line num="237" type="stmt" count="0"/>
      <line num="238" type="stmt" count="0"/>
      <line num="239" type="stmt" count="0"/>
      <line num="240" type="stmt" count="0"/>
      <line num="241" type="stmt" count="0"/>
      <line num="242" type="stmt" count="0"/>
      <line num="243" type="stmt" count="0"/>
      <line num="245" type="stmt" count="0"/>
      <metrics loc="248" ncloc="197" classes="1" methods="38" coveredmethods="8" conditionals="0" coveredconditionals="0" statements="117" coveredstatements="15" elements="155" coveredelements="23"/>
    </file>
    <file name="/var/www/themes/bootstrap_renderers/renderers/bootstrap_pager.php">
      <class name="bootstrap_pager" namespace="global" fullPackage="bootstrap">
        <metrics methods="8" coveredmethods="8" conditionals="0" coveredconditionals="0" statements="35" coveredstatements="34" elements="43" coveredelements="42"/>
      </class>
      <line num="36" type="method" name="__construct" crap="1" count="6"/>
      <line num="37" type="stmt" count="6"/>
      <line num="38" type="stmt" count="6"/>
      <line num="39" type="stmt" count="6"/>
      <line num="40" type="stmt" count="6"/>
      <line num="41" type="stmt" count="6"/>
      <line num="43" type="method" name="for_pages" crap="2" count="6"/>
      <line num="44" type="stmt" count="6"/>
      <line num="45" type="stmt" count="6"/>
      <line num="46" type="stmt" count="6"/>
      <line num="47" type="stmt" count="6"/>
      <line num="48" type="stmt" count="6"/>
      <line num="49" type="stmt" count="6"/>
      <line num="51" type="method" name="for_page" crap="5.02" count="6"/>
      <line num="52" type="stmt" count="6"/>
      <line num="53" type="stmt" count="0"/>
      <line num="55" type="stmt" count="6"/>
      <line num="56" type="stmt" count="2"/>
      <line num="58" type="stmt" count="6"/>
      <line num="59" type="stmt" count="6"/>
      <line num="61" type="stmt" count="6"/>
      <line num="62" type="stmt" count="6"/>
      <line num="63" type="stmt" count="6"/>
      <line num="64" type="stmt" count="6"/>
      <line num="65" type="stmt" count="6"/>
      <line num="67" type="method" name="url_for_page" crap="1" count="6"/>
      <line num="68" type="stmt" count="6"/>
      <line num="71" type="method" name="current" crap="1" count="6"/>
      <line num="72" type="stmt" count="6"/>
      <line num="75" type="method" name="previous" crap="2" count="6"/>
      <line num="76" type="stmt" count="6"/>
      <line num="77" type="stmt" count="6"/>
      <line num="78" type="stmt" count="3"/>
      <line num="80" type="stmt" count="3"/>
      <line num="81" type="stmt" count="3"/>
      <line num="85" type="method" name="next" crap="2" count="6"/>
      <line num="86" type="stmt" count="6"/>
      <line num="87" type="stmt" count="6"/>
      <line num="88" type="stmt" count="3"/>
      <line num="90" type="stmt" count="3"/>
      <line num="91" type="stmt" count="3"/>
      <line num="94" type="method" name="skipped" crap="1" count="2"/>
      <line num="95" type="stmt" count="2"/>
      <metrics loc="97" ncloc="60" classes="1" methods="8" coveredmethods="7" conditionals="0" coveredconditionals="0" statements="35" coveredstatements="34" elements="43" coveredelements="41"/>
    </file>
    <file name="/var/www/themes/bootstrap_renderers/renderers/classes.php">
      <class name="classes" namespace="global">
        <metrics methods="4" coveredmethods="4" conditionals="0" coveredconditionals="0" statements="34" coveredstatements="25" elements="38" coveredelements="29"/>
      </class>
      <line num="27" type="method" name="add" crap="4.02" count="93"/>
      <line num="28" type="stmt" count="93"/>
      <line num="29" type="stmt" count="30"/>
      <line num="31" type="stmt" count="63"/>
      <line num="32" type="stmt" count="63"/>
      <line num="33" type="stmt" count="33"/>
      <line num="34" type="stmt" count="33"/>
      <line num="35" type="stmt" count="63"/>
      <line num="36" type="stmt" count="63"/>
      <line num="38" type="stmt" count="0"/>
      <line num="41" type="method" name="add_classes_string" crap="1" count="93"/>
      <line num="42" type="stmt" count="93"/>
      <line num="43" type="stmt" count="93"/>
      <line num="44" type="stmt" count="93"/>
      <line num="45" type="stmt" count="93"/>
      <line num="47" type="stmt" count="93"/>
      <line num="49" type="method" name="replace" crap="11.53" count="10"/>
      <line num="50" type="stmt" count="10"/>
      <line num="51" type="stmt" count="10"/>
      <line num="53" type="stmt" count="0"/>
      <line num="54" type="stmt" count="0"/>
      <line num="55" type="stmt" count="0"/>
      <line num="56" type="stmt" count="0"/>
      <line num="57" type="stmt" count="0"/>
      <line num="58" type="stmt" count="0"/>
      <line num="60" type="stmt" count="0"/>
      <line num="63" type="method" name="replace_classes" crap="4.01" count="10"/>
      <line num="64" type="stmt" count="10"/>
      <line num="65" type="stmt" count="10"/>
      <line num="66" type="stmt" count="10"/>
      <line num="67" type="stmt" count="10"/>
      <line num="68" type="stmt" count="10"/>
      <line num="69" type="stmt" count="10"/>
      <line num="70" type="stmt" count="10"/>
      <line num="71" type="stmt" count="10"/>
      <line num="72" type="stmt" count="10"/>
      <line num="73" type="stmt" count="10"/>
      <line num="75" type="stmt" count="0"/>
      <metrics loc="78" ncloc="43" classes="1" methods="4" coveredmethods="1" conditionals="0" coveredconditionals="0" statements="34" coveredstatements="25" elements="38" coveredelements="26"/>
    </file>
    <file name="/var/www/themes/bootstrap_renderers/renderers/html.php">
      <class name="html" namespace="global">
        <metrics methods="27" coveredmethods="18" conditionals="0" coveredconditionals="0" statements="113" coveredstatements="80" elements="140" coveredelements="98"/>
      </class>
      <line num="0" type="stmt" count="16"/>
      <line num="50" type="method" name="bootstrap_to_zurb" crap="2" count="0"/>
      <line num="51" type="stmt" count="0"/>
      <line num="54" type="method" name="tag" crap="4.59" count="31"/>
      <line num="55" type="stmt" count="31"/>
      <line num="56" type="stmt" count="0"/>
      <line num="57" type="stmt" count="0"/>
      <line num="58" type="stmt" count="31"/>
      <line num="59" type="stmt" count="6"/>
      <line num="61" type="stmt" count="25"/>
      <line num="65" type="method" name="attribute" crap="12.00" count="42"/>
      <line num="66" type="stmt" count="42"/>
      <line num="67" type="stmt" count="0"/>
      <line num="68" type="stmt" count="0"/>
      <line num="69" type="stmt" count="42"/>
      <line num="70" type="stmt" count="0"/>
      <line num="71" type="stmt" count="0"/>
      <line num="72" type="stmt" count="42"/>
      <line num="73" type="stmt" count="1"/>
      <line num="75" type="stmt" count="41"/>
      <line num="76" type="stmt" count="0"/>
      <line num="77" type="stmt" count="0"/>
      <line num="78" type="stmt" count="41"/>
      <line num="79" type="stmt" count="3"/>
      <line num="81" type="stmt" count="40"/>
      <line num="82" type="stmt" count="40"/>
      <line num="83" type="stmt" count="23"/>
      <line num="84" type="stmt" count="23"/>
      <line num="85" type="stmt" count="40"/>
      <line num="87" type="method" name="href_then_alphabetical" crap="3" count="16"/>
      <line num="88" type="stmt" count="16"/>
      <line num="89" type="stmt" count="1"/>
      <line num="90" type="stmt" count="16"/>
      <line num="91" type="stmt" count="1"/>
      <line num="93" type="stmt" count="16"/>
      <line num="97" type="method" name="attributes" crap="3" count="31"/>
      <line num="98" type="stmt" count="31"/>
      <line num="99" type="stmt" count="31"/>
      <line num="100" type="stmt" count="31"/>
      <line num="101" type="stmt" count="28"/>
      <line num="102" type="stmt" count="31"/>
      <line num="103" type="stmt" count="31"/>
      <line num="104" type="stmt" count="28"/>
      <line num="106" type="stmt" count="10"/>
      <line num="110" type="method" name="classy_tag" crap="3" count="25"/>
      <line num="111" type="stmt" count="25"/>
      <line num="112" type="stmt" count="13"/>
      <line num="113" type="stmt" count="6"/>
      <line num="114" type="stmt" count="6"/>
      <line num="115" type="stmt" count="13"/>
      <line num="117" type="stmt" count="13"/>
      <line num="118" type="stmt" count="25"/>
      <line num="120" type="method" name="texty_tag" crap="2" count="13"/>
      <line num="121" type="stmt" count="13"/>
      <line num="122" type="stmt" count="10"/>
      <line num="123" type="stmt" count="10"/>
      <line num="124" type="stmt" count="10"/>
      <line num="125" type="stmt" count="4"/>
      <line num="127" type="stmt" count="13"/>
      <line num="132" type="method" name="a" crap="6.60" count="7"/>
      <line num="133" type="stmt" count="7"/>
      <line num="134" type="stmt" count="0"/>
      <line num="135" type="stmt" count="0"/>
      <line num="136" type="stmt" count="7"/>
      <line num="137" type="stmt" count="1"/>
      <line num="138" type="stmt" count="0"/>
      <line num="139" type="stmt" count="0"/>
      <line num="140" type="stmt" count="1"/>
      <line num="142" type="stmt" count="1"/>
      <line num="143" type="stmt" count="7"/>
      <line num="145" type="method" name="link" crap="2" count="0"/>
      <line num="146" type="stmt" count="0"/>
      <line num="147" type="stmt" count="0"/>
      <line num="152" type="method" name="p" crap="2" count="6"/>
      <line num="153" type="stmt" count="6"/>
      <line num="154" type="stmt" count="2"/>
      <line num="156" type="stmt" count="4"/>
      <line num="159" type="method" name="div" crap="2" count="0"/>
      <line num="160" type="stmt" count="0"/>
      <line num="162" type="method" name="div_open" crap="2" count="0"/>
      <line num="163" type="stmt" count="0"/>
      <line num="166" type="method" name="span" crap="2" count="12"/>
      <line num="167" type="stmt" count="12"/>
      <line num="168" type="stmt" count="8"/>
      <line num="170" type="stmt" count="4"/>
      <line num="173" type="method" name="abbr" crap="1" count="3"/>
      <line num="174" type="stmt" count="3"/>
      <line num="177" type="method" name="form" crap="2" count="0"/>
      <line num="178" type="stmt" count="0"/>
      <line num="180" type="method" name="input" crap="1" count="3"/>
      <line num="181" type="stmt" count="3"/>
      <line num="183" type="method" name="label" crap="2" count="0"/>
      <line num="184" type="stmt" count="0"/>
      <line num="186" type="method" name="checkbox" crap="6" count="0"/>
      <line num="187" type="stmt" count="0"/>
      <line num="188" type="stmt" count="0"/>
      <line num="189" type="stmt" count="0"/>
      <line num="190" type="stmt" count="0"/>
      <line num="191" type="stmt" count="0"/>
      <line num="192" type="stmt" count="0"/>
      <line num="194" type="stmt" count="0"/>
      <line num="196" type="method" name="input_hidden" crap="2" count="0"/>
      <line num="197" type="stmt" count="0"/>
      <line num="198" type="stmt" count="0"/>
      <line num="199" type="stmt" count="0"/>
      <line num="201" type="stmt" count="0"/>
      <line num="203" type="method" name="hidden_inputs" crap="2.03" count="1"/>
      <line num="204" type="stmt" count="1"/>
      <line num="205" type="stmt" count="1"/>
      <line num="206" type="stmt" count="0"/>
      <line num="207" type="stmt" count="1"/>
      <line num="208" type="stmt" count="1"/>
      <line num="210" type="method" name="submit" crap="1" count="3"/>
      <line num="211" type="stmt" count="3"/>
      <line num="212" type="stmt" count="3"/>
      <line num="213" type="stmt" count="3"/>
      <line num="218" type="method" name="ul" crap="1" count="1"/>
      <line num="219" type="stmt" count="1"/>
      <line num="221" type="method" name="ul_open" crap="2" count="0"/>
      <line num="222" type="stmt" count="0"/>
      <line num="227" type="method" name="li" crap="2" count="13"/>
      <line num="228" type="stmt" count="13"/>
      <line num="229" type="stmt" count="9"/>
      <line num="231" type="stmt" count="11"/>
      <line num="233" type="method" name="li_implode" crap="4.13" count="1"/>
      <line num="234" type="stmt" count="1"/>
      <line num="235" type="stmt" count="1"/>
      <line num="237" type="stmt" count="1"/>
      <line num="238" type="stmt" count="1"/>
      <line num="240" type="stmt" count="0"/>
      <line num="243" type="method" name="url" crap="2" count="3"/>
      <line num="244" type="stmt" count="3"/>
      <line num="245" type="stmt" count="1"/>
      <line num="248" type="stmt" count="2"/>
      <line num="251" type="method" name="params" crap="2" count="2"/>
      <line num="252" type="stmt" count="2"/>
      <line num="253" type="stmt" count="2"/>
      <line num="254" type="stmt" count="2"/>
      <line num="255" type="stmt" count="2"/>
      <line num="256" type="stmt" count="2"/>
      <line num="257" type="stmt" count="2"/>
      <metrics loc="259" ncloc="212" classes="1" methods="27" coveredmethods="13" conditionals="0" coveredconditionals="0" statements="113" coveredstatements="80" elements="140" coveredelements="93"/>
    </file>
    <file name="/var/www/themes/bootstrap_renderers/renderers/pager.php">
      <class name="pager" namespace="global">
        <metrics methods="6" coveredmethods="6" conditionals="0" coveredconditionals="0" statements="27" coveredstatements="27" elements="33" coveredelements="33"/>
      </class>
      <line num="36" type="method" name="__construct" crap="1" count="17"/>
      <line num="42" type="stmt" count="17"/>
      <line num="43" type="stmt" count="17"/>
      <line num="44" type="stmt" count="17"/>
      <line num="45" type="stmt" count="17"/>
      <line num="46" type="stmt" count="17"/>
      <line num="47" type="stmt" count="17"/>
      <line num="48" type="method" name="pages" crap="2" count="17"/>
      <line num="49" type="stmt" count="17"/>
      <line num="50" type="stmt" count="5"/>
      <line num="52" type="stmt" count="12"/>
      <line num="55" type="method" name="truncated_page_list" crap="3" count="12"/>
      <line num="56" type="stmt" count="12"/>
      <line num="57" type="stmt" count="5"/>
      <line num="58" type="stmt" count="5"/>
      <line num="59" type="stmt" count="5"/>
      <line num="60" type="stmt" count="5"/>
      <line num="61" type="stmt" count="7"/>
      <line num="62" type="stmt" count="4"/>
      <line num="63" type="stmt" count="4"/>
      <line num="64" type="stmt" count="4"/>
      <line num="65" type="stmt" count="4"/>
      <line num="67" type="stmt" count="3"/>
      <line num="68" type="stmt" count="3"/>
      <line num="69" type="stmt" count="3"/>
      <line num="70" type="stmt" count="3"/>
      <line num="71" type="stmt" count="3"/>
      <line num="74" type="method" name="current_page_near_to_start" crap="1" count="12"/>
      <line num="75" type="stmt" count="12"/>
      <line num="77" type="method" name="current_page_near_to_end" crap="1" count="7"/>
      <line num="78" type="stmt" count="7"/>
      <line num="80" type="method" name="range_centered_on" crap="1" count="3"/>
      <line num="81" type="stmt" count="3"/>
      <metrics loc="83" ncloc="48" classes="1" methods="6" coveredmethods="6" conditionals="0" coveredconditionals="0" statements="27" coveredstatements="27" elements="33" coveredelements="33"/>
    </file>
    <metrics files="6" loc="840" ncloc="597" classes="6" methods="86" coveredmethods="36" conditionals="0" coveredconditionals="0" statements="362" coveredstatements="185" elements="448" coveredelements="221"/>
  </project>
</coverage>
